<?xml version="1.0" encoding="UTF-8"?>
<!-- Generated by org.testng.reporters.JUnitReportReporter -->
<testsuite skipped="1" hostname="Monalisa-PC" name="ApachePOI.DataDrivenTest" tests="1" failures="0" timestamp="2020-11-24T19:28:32 IST" time="0.000" errors="0">
  <testcase name="loginTest" time="0.000" classname="ApachePOI.DataDrivenTest">
    <skipped/>
  </testcase> <!-- loginTest -->
  <system-out/>
</testsuite> <!-- ApachePOI.DataDrivenTest -->
