<?xml version="1.0" encoding="UTF-8"?>
<!-- Generated by org.testng.reporters.JUnitReportReporter -->
<testsuite skipped="0" hostname="Monalisa-PC" name="ApachePOI.DataProviderTestNG" tests="4" failures="0" timestamp="2020-11-25T14:54:19 IST" time="20.376" errors="0">
  <testcase name="loginTest" time="14.435" classname="ApachePOI.DataProviderTestNG"/>
  <system-out/>
  <testcase name="loginTest" time="3.612" classname="ApachePOI.DataProviderTestNG"/>
  <system-out/>
  <testcase name="loginTest" time="1.181" classname="ApachePOI.DataProviderTestNG"/>
  <system-out/>
  <testcase name="loginTest" time="1.148" classname="ApachePOI.DataProviderTestNG"/>
  <system-out/>
</testsuite> <!-- ApachePOI.DataProviderTestNG -->
